I, [2022-09-21T01:57:44.275176 #152532]  INFO -- : 
@@@                                             @@@@@  @@@
@@@                                            @@@     @@@
@@@  @@@    @@@@@@@@@   @@@ @@@   @@@@@@@@@  @@@@@@@@  @@@  @@@@   @@@@@@@@@
@@@@@@     @@@    @@@   @@@@@    @@@    @@@    @@@     @@@@@@@    @@@    @@@
@@@@@@@    @@@    @@@   @@@     @@@@    @@@    @@@     @@@@@@@    @@@    @@@
@@@  @@@@  @@@@@@@@@@   @@@      @@@@@@@@@@    @@@     @@@  @@@@   @@@@@@@@@@


I, [2022-09-21T01:57:44.275314 #152532]  INFO -- : [0;31mUpgrade to Karafka Pro for more features and support: https://karafka.io[0m
I, [2022-09-21T01:57:49.601442 #152532]  INFO -- : 
ATM TRANSACTION

TERMINAL # 65425899
SEQUNCE # 8564
DATE 15:18 08/10/2016

CARD NUMBER XXXXXXXXXXXX5698

CUSTOMER NAME JOHN EMPTY
REQUSTED AMOUNT $100.00
TERMINAL FEE Sik25

TOTAL AMOUNT $101.25


I, [2022-09-21T01:57:51.383179 #152532]  INFO -- : 
ATM TRANSACTION

TERMINAL # 65425899
SEQUNCE # 8564
DATE 15:18 08/10/2016

CARD NUMBER XXXXXXXXXXXX5698

CUSTOMER NAME JOHN EMPTY
REQUSTED AMOUNT $100.00
TERMINAL FEE Sik25

TOTAL AMOUNT $101.25


I, [2022-09-21T01:57:51.979201 #152532]  INFO -- : 
ATM TRANSACTION

TERMINAL # 65425899
SEQUNCE # 8564
DATE 15:18 08/10/2016

CARD NUMBER XXXXXXXXXXXX5698

CUSTOMER NAME JOHN EMPTY
REQUSTED AMOUNT $100.00
TERMINAL FEE Sik25

TOTAL AMOUNT $101.25


